array (
  0 => 
  array (
    'function' => 'exceptionHandler',
    'class' => 'Footup\\Debug\\Handlers',
    'object' => 
    Footup\Debug\Handlers::__set_state(array(
       'env' => 'dev',
       'errors' => 
      array (
        'type' => 0,
        'message' => 'Impossible de marcher avec FootUP Framework ! Raison : <b>Erreur de la base de données: SQLSTATE[42000]: Syntax error or access violation: 1064 You have an error in your SQL syntax; check the manual that corresponds to your MariaDB server version for the right syntax to use near \'ink.tasks@gmail.com ORDER BY id ASC LIMIT 1\' at line 1
SQL: SELECT * FROM user WHERE username = \'ink.tasks@gmail.com\'OR email ink.tasks@gmail.com ORDER BY id ASC LIMIT 1</b>',
        'file' => '/opt/blamp-80/www/footup_exemple/core/Database/QueryBuilder.php',
        'line' => 872,
        'class' => 'Exception',
        'trace' => 
        array (
          0 => 
          array (
            'file' => '/opt/blamp-80/www/footup_exemple/core/Orm/ModelQueryBuilder.php',
            'line' => 121,
            'function' => 'execute',
            'class' => 'Footup\\Database\\QueryBuilder',
            'type' => '->',
          ),
          1 => 
          array (
            'file' => '/opt/blamp-80/www/footup_exemple/core/Database/QueryBuilder.php',
            'line' => 937,
            'function' => 'get',
            'class' => 'Footup\\Orm\\ModelQueryBuilder',
            'type' => '->',
          ),
          2 => 
          array (
            'file' => '/opt/blamp-80/www/footup_exemple/core/Database/QueryBuilder.php',
            'line' => 960,
            'function' => 'one',
            'class' => 'Footup\\Database\\QueryBuilder',
            'type' => '->',
          ),
          3 => 
          array (
            'file' => '/opt/blamp-80/www/footup_exemple/app/Controller/Auth.php',
            'line' => 25,
            'function' => 'first',
            'class' => 'Footup\\Database\\QueryBuilder',
            'type' => '->',
          ),
          4 => 
          array (
            'file' => '/opt/blamp-80/www/footup_exemple/core/Footup.php',
            'line' => 91,
            'function' => 'index',
            'class' => 'App\\Controller\\Auth',
            'type' => '->',
          ),
          5 => 
          array (
            'file' => '/opt/blamp-80/www/footup_exemple/core/Footup.php',
            'line' => 44,
            'function' => 'go',
            'class' => 'Footup\\Footup',
            'type' => '->',
          ),
          6 => 
          array (
            'file' => '/opt/blamp-80/www/footup_exemple/public/index.php',
            'line' => 36,
            'function' => 'terminate',
            'class' => 'Footup\\Footup',
            'type' => '->',
          ),
        ),
      ),
    )),
    'type' => '->',
    'args' => 
    array (
      0 => 
      Exception::__set_state(array(
         'message' => 'Erreur de la base de données: SQLSTATE[42000]: Syntax error or access violation: 1064 You have an error in your SQL syntax; check the manual that corresponds to your MariaDB server version for the right syntax to use near \'ink.tasks@gmail.com ORDER BY id ASC LIMIT 1\' at line 1
SQL: SELECT * FROM user WHERE username = \'ink.tasks@gmail.com\'OR email ink.tasks@gmail.com ORDER BY id ASC LIMIT 1',
         'string' => '',
         'code' => 0,
         'file' => '/opt/blamp-80/www/footup_exemple/core/Database/QueryBuilder.php',
         'line' => 872,
         'trace' => 
        array (
          0 => 
          array (
            'file' => '/opt/blamp-80/www/footup_exemple/core/Orm/ModelQueryBuilder.php',
            'line' => 121,
            'function' => 'execute',
            'class' => 'Footup\\Database\\QueryBuilder',
            'type' => '->',
          ),
          1 => 
          array (
            'file' => '/opt/blamp-80/www/footup_exemple/core/Database/QueryBuilder.php',
            'line' => 937,
            'function' => 'get',
            'class' => 'Footup\\Orm\\ModelQueryBuilder',
            'type' => '->',
          ),
          2 => 
          array (
            'file' => '/opt/blamp-80/www/footup_exemple/core/Database/QueryBuilder.php',
            'line' => 960,
            'function' => 'one',
            'class' => 'Footup\\Database\\QueryBuilder',
            'type' => '->',
          ),
          3 => 
          array (
            'file' => '/opt/blamp-80/www/footup_exemple/app/Controller/Auth.php',
            'line' => 25,
            'function' => 'first',
            'class' => 'Footup\\Database\\QueryBuilder',
            'type' => '->',
          ),
          4 => 
          array (
            'file' => '/opt/blamp-80/www/footup_exemple/core/Footup.php',
            'line' => 91,
            'function' => 'index',
            'class' => 'App\\Controller\\Auth',
            'type' => '->',
          ),
          5 => 
          array (
            'file' => '/opt/blamp-80/www/footup_exemple/core/Footup.php',
            'line' => 44,
            'function' => 'go',
            'class' => 'Footup\\Footup',
            'type' => '->',
          ),
          6 => 
          array (
            'file' => '/opt/blamp-80/www/footup_exemple/public/index.php',
            'line' => 36,
            'function' => 'terminate',
            'class' => 'Footup\\Footup',
            'type' => '->',
          ),
        ),
         'previous' => NULL,
         'xdebug_message' => '<tr><th align=\'left\' bgcolor=\'#f57900\' colspan="5"><span style=\'background-color: #cc0000; color: #fce94f; font-size: x-large;\'>( ! )</span> Exception: Erreur de la base de données: SQLSTATE[42000]: Syntax error or access violation: 1064 You have an error in your SQL syntax; check the manual that corresponds to your MariaDB server version for the right syntax to use near \'ink.tasks@gmail.com ORDER BY id ASC LIMIT 1\' at line 1
SQL: SELECT * FROM user WHERE username = \'ink.tasks@gmail.com\'OR email ink.tasks@gmail.com ORDER BY id ASC LIMIT 1 in /opt/blamp-80/www/footup_exemple/core/Database/QueryBuilder.php on line <i>872</i></th></tr>
<tr><th align=\'left\' bgcolor=\'#e9b96e\' colspan=\'5\'>Call Stack</th></tr>
<tr><th align=\'center\' bgcolor=\'#eeeeec\'>#</th><th align=\'left\' bgcolor=\'#eeeeec\'>Time</th><th align=\'left\' bgcolor=\'#eeeeec\'>Memory</th><th align=\'left\' bgcolor=\'#eeeeec\'>Function</th><th align=\'left\' bgcolor=\'#eeeeec\'>Location</th></tr>
<tr><td bgcolor=\'#eeeeec\' align=\'center\'>1</td><td bgcolor=\'#eeeeec\' align=\'center\'>0.0006</td><td bgcolor=\'#eeeeec\' align=\'right\'>408424</td><td bgcolor=\'#eeeeec\'>{main}(  )</td><td title=\'/opt/blamp-80/www/footup_exemple/public/index.php\' bgcolor=\'#eeeeec\'>.../index.php<b>:</b>0</td></tr>
<tr><td bgcolor=\'#eeeeec\' align=\'center\'>2</td><td bgcolor=\'#eeeeec\' align=\'center\'>0.0342</td><td bgcolor=\'#eeeeec\' align=\'right\'>1255376</td><td bgcolor=\'#eeeeec\'>Footup\\Footup->terminate(  )</td><td title=\'/opt/blamp-80/www/footup_exemple/public/index.php\' bgcolor=\'#eeeeec\'>.../index.php<b>:</b>36</td></tr>
<tr><td bgcolor=\'#eeeeec\' align=\'center\'>3</td><td bgcolor=\'#eeeeec\' align=\'center\'>0.0342</td><td bgcolor=\'#eeeeec\' align=\'right\'>1255376</td><td bgcolor=\'#eeeeec\'>Footup\\Footup->go(  )</td><td title=\'/opt/blamp-80/www/footup_exemple/core/Footup.php\' bgcolor=\'#eeeeec\'>.../Footup.php<b>:</b>44</td></tr>
<tr><td bgcolor=\'#eeeeec\' align=\'center\'>4</td><td bgcolor=\'#eeeeec\' align=\'center\'>0.0458</td><td bgcolor=\'#eeeeec\' align=\'right\'>1527328</td><td bgcolor=\'#eeeeec\'>App\\Controller\\Auth->index(  )</td><td title=\'/opt/blamp-80/www/footup_exemple/core/Footup.php\' bgcolor=\'#eeeeec\'>.../Footup.php<b>:</b>91</td></tr>
<tr><td bgcolor=\'#eeeeec\' align=\'center\'>5</td><td bgcolor=\'#eeeeec\' align=\'center\'>0.0634</td><td bgcolor=\'#eeeeec\' align=\'right\'>2158648</td><td bgcolor=\'#eeeeec\'>Footup\\Orm\\ModelQueryBuilder->first( <span>$field = </span>???, <span>$value = </span>??? )</td><td title=\'/opt/blamp-80/www/footup_exemple/app/Controller/Auth.php\' bgcolor=\'#eeeeec\'>.../Auth.php<b>:</b>25</td></tr>
<tr><td bgcolor=\'#eeeeec\' align=\'center\'>6</td><td bgcolor=\'#eeeeec\' align=\'center\'>0.0635</td><td bgcolor=\'#eeeeec\' align=\'right\'>2158688</td><td bgcolor=\'#eeeeec\'>Footup\\Orm\\ModelQueryBuilder->one( <span>$fields = </span>???, <span>$where = </span>??? )</td><td title=\'/opt/blamp-80/www/footup_exemple/core/Database/QueryBuilder.php\' bgcolor=\'#eeeeec\'>.../QueryBuilder.php<b>:</b>960</td></tr>
<tr><td bgcolor=\'#eeeeec\' align=\'center\'>7</td><td bgcolor=\'#eeeeec\' align=\'center\'>0.0635</td><td bgcolor=\'#eeeeec\' align=\'right\'>2158688</td><td bgcolor=\'#eeeeec\'>Footup\\Orm\\ModelQueryBuilder->get( <span>$select = </span><span>NULL</span>, <span>$where = </span><span>NULL</span>, <span>$limit = </span><span>1</span>, <span>$offset = </span>??? )</td><td title=\'/opt/blamp-80/www/footup_exemple/core/Database/QueryBuilder.php\' bgcolor=\'#eeeeec\'>.../QueryBuilder.php<b>:</b>937</td></tr>
<tr><td bgcolor=\'#eeeeec\' align=\'center\'>8</td><td bgcolor=\'#eeeeec\' align=\'center\'>0.0636</td><td bgcolor=\'#eeeeec\' align=\'right\'>2158880</td><td bgcolor=\'#eeeeec\'>Footup\\Orm\\ModelQueryBuilder->execute( <span>$params = </span>??? )</td><td title=\'/opt/blamp-80/www/footup_exemple/core/Orm/ModelQueryBuilder.php\' bgcolor=\'#eeeeec\'>.../ModelQueryBuilder.php<b>:</b>121</td></tr>
',
      )),
    ),
  ),
)array (
  0 => 
  array (
    'function' => 'exceptionHandler',
    'class' => 'Footup\\Debug\\Handlers',
    'object' => 
    Footup\Debug\Handlers::__set_state(array(
       'env' => 'dev',
       'errors' => 
      array (
        'type' => 0,
        'message' => 'Impossible de marcher avec FootUP Framework ! Raison : <b>Erreur de la base de données: SQLSTATE[42000]: Syntax error or access violation: 1064 You have an error in your SQL syntax; check the manual that corresponds to your MariaDB server version for the right syntax to use near \'ink.tasks@gmail.com ORDER BY id ASC LIMIT 1\' at line 1
SQL: SELECT * FROM user WHERE username = \'ink.tasks@gmail.com\'OR email ink.tasks@gmail.com ORDER BY id ASC LIMIT 1</b>',
        'file' => '/opt/blamp-80/www/footup_exemple/core/Database/QueryBuilder.php',
        'line' => 872,
        'class' => 'Exception',
        'trace' => 
        array (
          0 => 
          array (
            'file' => '/opt/blamp-80/www/footup_exemple/core/Orm/ModelQueryBuilder.php',
            'line' => 121,
            'function' => 'execute',
            'class' => 'Footup\\Database\\QueryBuilder',
            'type' => '->',
          ),
          1 => 
          array (
            'file' => '/opt/blamp-80/www/footup_exemple/core/Database/QueryBuilder.php',
            'line' => 937,
            'function' => 'get',
            'class' => 'Footup\\Orm\\ModelQueryBuilder',
            'type' => '->',
          ),
          2 => 
          array (
            'file' => '/opt/blamp-80/www/footup_exemple/core/Database/QueryBuilder.php',
            'line' => 960,
            'function' => 'one',
            'class' => 'Footup\\Database\\QueryBuilder',
            'type' => '->',
          ),
          3 => 
          array (
            'file' => '/opt/blamp-80/www/footup_exemple/app/Controller/Auth.php',
            'line' => 25,
            'function' => 'first',
            'class' => 'Footup\\Database\\QueryBuilder',
            'type' => '->',
          ),
          4 => 
          array (
            'file' => '/opt/blamp-80/www/footup_exemple/core/Footup.php',
            'line' => 91,
            'function' => 'index',
            'class' => 'App\\Controller\\Auth',
            'type' => '->',
          ),
          5 => 
          array (
            'file' => '/opt/blamp-80/www/footup_exemple/core/Footup.php',
            'line' => 44,
            'function' => 'go',
            'class' => 'Footup\\Footup',
            'type' => '->',
          ),
          6 => 
          array (
            'file' => '/opt/blamp-80/www/footup_exemple/public/index.php',
            'line' => 36,
            'function' => 'terminate',
            'class' => 'Footup\\Footup',
            'type' => '->',
          ),
        ),
      ),
    )),
    'type' => '->',
    'args' => 
    array (
      0 => 
      Exception::__set_state(array(
         'message' => 'Erreur de la base de données: SQLSTATE[42000]: Syntax error or access violation: 1064 You have an error in your SQL syntax; check the manual that corresponds to your MariaDB server version for the right syntax to use near \'ink.tasks@gmail.com ORDER BY id ASC LIMIT 1\' at line 1
SQL: SELECT * FROM user WHERE username = \'ink.tasks@gmail.com\'OR email ink.tasks@gmail.com ORDER BY id ASC LIMIT 1',
         'string' => '',
         'code' => 0,
         'file' => '/opt/blamp-80/www/footup_exemple/core/Database/QueryBuilder.php',
         'line' => 872,
         'trace' => 
        array (
          0 => 
          array (
            'file' => '/opt/blamp-80/www/footup_exemple/core/Orm/ModelQueryBuilder.php',
            'line' => 121,
            'function' => 'execute',
            'class' => 'Footup\\Database\\QueryBuilder',
            'type' => '->',
          ),
          1 => 
          array (
            'file' => '/opt/blamp-80/www/footup_exemple/core/Database/QueryBuilder.php',
            'line' => 937,
            'function' => 'get',
            'class' => 'Footup\\Orm\\ModelQueryBuilder',
            'type' => '->',
          ),
          2 => 
          array (
            'file' => '/opt/blamp-80/www/footup_exemple/core/Database/QueryBuilder.php',
            'line' => 960,
            'function' => 'one',
            'class' => 'Footup\\Database\\QueryBuilder',
            'type' => '->',
          ),
          3 => 
          array (
            'file' => '/opt/blamp-80/www/footup_exemple/app/Controller/Auth.php',
            'line' => 25,
            'function' => 'first',
            'class' => 'Footup\\Database\\QueryBuilder',
            'type' => '->',
          ),
          4 => 
          array (
            'file' => '/opt/blamp-80/www/footup_exemple/core/Footup.php',
            'line' => 91,
            'function' => 'index',
            'class' => 'App\\Controller\\Auth',
            'type' => '->',
          ),
          5 => 
          array (
            'file' => '/opt/blamp-80/www/footup_exemple/core/Footup.php',
            'line' => 44,
            'function' => 'go',
            'class' => 'Footup\\Footup',
            'type' => '->',
          ),
          6 => 
          array (
            'file' => '/opt/blamp-80/www/footup_exemple/public/index.php',
            'line' => 36,
            'function' => 'terminate',
            'class' => 'Footup\\Footup',
            'type' => '->',
          ),
        ),
         'previous' => NULL,
         'xdebug_message' => '<tr><th align=\'left\' bgcolor=\'#f57900\' colspan="5"><span style=\'background-color: #cc0000; color: #fce94f; font-size: x-large;\'>( ! )</span> Exception: Erreur de la base de données: SQLSTATE[42000]: Syntax error or access violation: 1064 You have an error in your SQL syntax; check the manual that corresponds to your MariaDB server version for the right syntax to use near \'ink.tasks@gmail.com ORDER BY id ASC LIMIT 1\' at line 1
SQL: SELECT * FROM user WHERE username = \'ink.tasks@gmail.com\'OR email ink.tasks@gmail.com ORDER BY id ASC LIMIT 1 in /opt/blamp-80/www/footup_exemple/core/Database/QueryBuilder.php on line <i>872</i></th></tr>
<tr><th align=\'left\' bgcolor=\'#e9b96e\' colspan=\'5\'>Call Stack</th></tr>
<tr><th align=\'center\' bgcolor=\'#eeeeec\'>#</th><th align=\'left\' bgcolor=\'#eeeeec\'>Time</th><th align=\'left\' bgcolor=\'#eeeeec\'>Memory</th><th align=\'left\' bgcolor=\'#eeeeec\'>Function</th><th align=\'left\' bgcolor=\'#eeeeec\'>Location</th></tr>
<tr><td bgcolor=\'#eeeeec\' align=\'center\'>1</td><td bgcolor=\'#eeeeec\' align=\'center\'>0.0003</td><td bgcolor=\'#eeeeec\' align=\'right\'>408416</td><td bgcolor=\'#eeeeec\'>{main}(  )</td><td title=\'/opt/blamp-80/www/footup_exemple/public/index.php\' bgcolor=\'#eeeeec\'>.../index.php<b>:</b>0</td></tr>
<tr><td bgcolor=\'#eeeeec\' align=\'center\'>2</td><td bgcolor=\'#eeeeec\' align=\'center\'>0.0309</td><td bgcolor=\'#eeeeec\' align=\'right\'>1255368</td><td bgcolor=\'#eeeeec\'>Footup\\Footup->terminate(  )</td><td title=\'/opt/blamp-80/www/footup_exemple/public/index.php\' bgcolor=\'#eeeeec\'>.../index.php<b>:</b>36</td></tr>
<tr><td bgcolor=\'#eeeeec\' align=\'center\'>3</td><td bgcolor=\'#eeeeec\' align=\'center\'>0.0309</td><td bgcolor=\'#eeeeec\' align=\'right\'>1255368</td><td bgcolor=\'#eeeeec\'>Footup\\Footup->go(  )</td><td title=\'/opt/blamp-80/www/footup_exemple/core/Footup.php\' bgcolor=\'#eeeeec\'>.../Footup.php<b>:</b>44</td></tr>
<tr><td bgcolor=\'#eeeeec\' align=\'center\'>4</td><td bgcolor=\'#eeeeec\' align=\'center\'>0.0407</td><td bgcolor=\'#eeeeec\' align=\'right\'>1527320</td><td bgcolor=\'#eeeeec\'>App\\Controller\\Auth->index(  )</td><td title=\'/opt/blamp-80/www/footup_exemple/core/Footup.php\' bgcolor=\'#eeeeec\'>.../Footup.php<b>:</b>91</td></tr>
<tr><td bgcolor=\'#eeeeec\' align=\'center\'>5</td><td bgcolor=\'#eeeeec\' align=\'center\'>0.0563</td><td bgcolor=\'#eeeeec\' align=\'right\'>2158640</td><td bgcolor=\'#eeeeec\'>Footup\\Orm\\ModelQueryBuilder->first( <span>$field = </span>???, <span>$value = </span>??? )</td><td title=\'/opt/blamp-80/www/footup_exemple/app/Controller/Auth.php\' bgcolor=\'#eeeeec\'>.../Auth.php<b>:</b>25</td></tr>
<tr><td bgcolor=\'#eeeeec\' align=\'center\'>6</td><td bgcolor=\'#eeeeec\' align=\'center\'>0.0563</td><td bgcolor=\'#eeeeec\' align=\'right\'>2158680</td><td bgcolor=\'#eeeeec\'>Footup\\Orm\\ModelQueryBuilder->one( <span>$fields = </span>???, <span>$where = </span>??? )</td><td title=\'/opt/blamp-80/www/footup_exemple/core/Database/QueryBuilder.php\' bgcolor=\'#eeeeec\'>.../QueryBuilder.php<b>:</b>960</td></tr>
<tr><td bgcolor=\'#eeeeec\' align=\'center\'>7</td><td bgcolor=\'#eeeeec\' align=\'center\'>0.0563</td><td bgcolor=\'#eeeeec\' align=\'right\'>2158680</td><td bgcolor=\'#eeeeec\'>Footup\\Orm\\ModelQueryBuilder->get( <span>$select = </span><span>NULL</span>, <span>$where = </span><span>NULL</span>, <span>$limit = </span><span>1</span>, <span>$offset = </span>??? )</td><td title=\'/opt/blamp-80/www/footup_exemple/core/Database/QueryBuilder.php\' bgcolor=\'#eeeeec\'>.../QueryBuilder.php<b>:</b>937</td></tr>
<tr><td bgcolor=\'#eeeeec\' align=\'center\'>8</td><td bgcolor=\'#eeeeec\' align=\'center\'>0.0564</td><td bgcolor=\'#eeeeec\' align=\'right\'>2158872</td><td bgcolor=\'#eeeeec\'>Footup\\Orm\\ModelQueryBuilder->execute( <span>$params = </span>??? )</td><td title=\'/opt/blamp-80/www/footup_exemple/core/Orm/ModelQueryBuilder.php\' bgcolor=\'#eeeeec\'>.../ModelQueryBuilder.php<b>:</b>121</td></tr>
',
      )),
    ),
  ),
)array (
  0 => 
  array (
    'function' => 'exceptionHandler',
    'class' => 'Footup\\Debug\\Handlers',
    'object' => 
    Footup\Debug\Handlers::__set_state(array(
       'env' => 'dev',
       'errors' => 
      array (
        'type' => 0,
        'message' => 'Impossible de marcher avec FootUP Framework ! Raison : <b>Erreur de la base de données: SQLSTATE[42000]: Syntax error or access violation: 1064 You have an error in your SQL syntax; check the manual that corresponds to your MariaDB server version for the right syntax to use near \'ink.tasks@gmail.com ORDER BY id ASC LIMIT 1\' at line 1
SQL: SELECT * FROM user WHERE username = \'ink.tasks@gmail.com\'OR email ink.tasks@gmail.com ORDER BY id ASC LIMIT 1</b>',
        'file' => '/opt/blamp-80/www/footup_exemple/core/Database/QueryBuilder.php',
        'line' => 872,
        'class' => 'Exception',
        'trace' => 
        array (
          0 => 
          array (
            'file' => '/opt/blamp-80/www/footup_exemple/core/Orm/ModelQueryBuilder.php',
            'line' => 121,
            'function' => 'execute',
            'class' => 'Footup\\Database\\QueryBuilder',
            'type' => '->',
          ),
          1 => 
          array (
            'file' => '/opt/blamp-80/www/footup_exemple/core/Database/QueryBuilder.php',
            'line' => 937,
            'function' => 'get',
            'class' => 'Footup\\Orm\\ModelQueryBuilder',
            'type' => '->',
          ),
          2 => 
          array (
            'file' => '/opt/blamp-80/www/footup_exemple/core/Database/QueryBuilder.php',
            'line' => 960,
            'function' => 'one',
            'class' => 'Footup\\Database\\QueryBuilder',
            'type' => '->',
          ),
          3 => 
          array (
            'file' => '/opt/blamp-80/www/footup_exemple/app/Controller/Auth.php',
            'line' => 25,
            'function' => 'first',
            'class' => 'Footup\\Database\\QueryBuilder',
            'type' => '->',
          ),
          4 => 
          array (
            'file' => '/opt/blamp-80/www/footup_exemple/core/Footup.php',
            'line' => 91,
            'function' => 'index',
            'class' => 'App\\Controller\\Auth',
            'type' => '->',
          ),
          5 => 
          array (
            'file' => '/opt/blamp-80/www/footup_exemple/core/Footup.php',
            'line' => 44,
            'function' => 'go',
            'class' => 'Footup\\Footup',
            'type' => '->',
          ),
          6 => 
          array (
            'file' => '/opt/blamp-80/www/footup_exemple/public/index.php',
            'line' => 36,
            'function' => 'terminate',
            'class' => 'Footup\\Footup',
            'type' => '->',
          ),
        ),
      ),
    )),
    'type' => '->',
    'args' => 
    array (
      0 => 
      Exception::__set_state(array(
         'message' => 'Erreur de la base de données: SQLSTATE[42000]: Syntax error or access violation: 1064 You have an error in your SQL syntax; check the manual that corresponds to your MariaDB server version for the right syntax to use near \'ink.tasks@gmail.com ORDER BY id ASC LIMIT 1\' at line 1
SQL: SELECT * FROM user WHERE username = \'ink.tasks@gmail.com\'OR email ink.tasks@gmail.com ORDER BY id ASC LIMIT 1',
         'string' => '',
         'code' => 0,
         'file' => '/opt/blamp-80/www/footup_exemple/core/Database/QueryBuilder.php',
         'line' => 872,
         'trace' => 
        array (
          0 => 
          array (
            'file' => '/opt/blamp-80/www/footup_exemple/core/Orm/ModelQueryBuilder.php',
            'line' => 121,
            'function' => 'execute',
            'class' => 'Footup\\Database\\QueryBuilder',
            'type' => '->',
          ),
          1 => 
          array (
            'file' => '/opt/blamp-80/www/footup_exemple/core/Database/QueryBuilder.php',
            'line' => 937,
            'function' => 'get',
            'class' => 'Footup\\Orm\\ModelQueryBuilder',
            'type' => '->',
          ),
          2 => 
          array (
            'file' => '/opt/blamp-80/www/footup_exemple/core/Database/QueryBuilder.php',
            'line' => 960,
            'function' => 'one',
            'class' => 'Footup\\Database\\QueryBuilder',
            'type' => '->',
          ),
          3 => 
          array (
            'file' => '/opt/blamp-80/www/footup_exemple/app/Controller/Auth.php',
            'line' => 25,
            'function' => 'first',
            'class' => 'Footup\\Database\\QueryBuilder',
            'type' => '->',
          ),
          4 => 
          array (
            'file' => '/opt/blamp-80/www/footup_exemple/core/Footup.php',
            'line' => 91,
            'function' => 'index',
            'class' => 'App\\Controller\\Auth',
            'type' => '->',
          ),
          5 => 
          array (
            'file' => '/opt/blamp-80/www/footup_exemple/core/Footup.php',
            'line' => 44,
            'function' => 'go',
            'class' => 'Footup\\Footup',
            'type' => '->',
          ),
          6 => 
          array (
            'file' => '/opt/blamp-80/www/footup_exemple/public/index.php',
            'line' => 36,
            'function' => 'terminate',
            'class' => 'Footup\\Footup',
            'type' => '->',
          ),
        ),
         'previous' => NULL,
         'xdebug_message' => '<tr><th align=\'left\' bgcolor=\'#f57900\' colspan="5"><span style=\'background-color: #cc0000; color: #fce94f; font-size: x-large;\'>( ! )</span> Exception: Erreur de la base de données: SQLSTATE[42000]: Syntax error or access violation: 1064 You have an error in your SQL syntax; check the manual that corresponds to your MariaDB server version for the right syntax to use near \'ink.tasks@gmail.com ORDER BY id ASC LIMIT 1\' at line 1
SQL: SELECT * FROM user WHERE username = \'ink.tasks@gmail.com\'OR email ink.tasks@gmail.com ORDER BY id ASC LIMIT 1 in /opt/blamp-80/www/footup_exemple/core/Database/QueryBuilder.php on line <i>872</i></th></tr>
<tr><th align=\'left\' bgcolor=\'#e9b96e\' colspan=\'5\'>Call Stack</th></tr>
<tr><th align=\'center\' bgcolor=\'#eeeeec\'>#</th><th align=\'left\' bgcolor=\'#eeeeec\'>Time</th><th align=\'left\' bgcolor=\'#eeeeec\'>Memory</th><th align=\'left\' bgcolor=\'#eeeeec\'>Function</th><th align=\'left\' bgcolor=\'#eeeeec\'>Location</th></tr>
<tr><td bgcolor=\'#eeeeec\' align=\'center\'>1</td><td bgcolor=\'#eeeeec\' align=\'center\'>0.0005</td><td bgcolor=\'#eeeeec\' align=\'right\'>408416</td><td bgcolor=\'#eeeeec\'>{main}(  )</td><td title=\'/opt/blamp-80/www/footup_exemple/public/index.php\' bgcolor=\'#eeeeec\'>.../index.php<b>:</b>0</td></tr>
<tr><td bgcolor=\'#eeeeec\' align=\'center\'>2</td><td bgcolor=\'#eeeeec\' align=\'center\'>0.0342</td><td bgcolor=\'#eeeeec\' align=\'right\'>1255368</td><td bgcolor=\'#eeeeec\'>Footup\\Footup->terminate(  )</td><td title=\'/opt/blamp-80/www/footup_exemple/public/index.php\' bgcolor=\'#eeeeec\'>.../index.php<b>:</b>36</td></tr>
<tr><td bgcolor=\'#eeeeec\' align=\'center\'>3</td><td bgcolor=\'#eeeeec\' align=\'center\'>0.0342</td><td bgcolor=\'#eeeeec\' align=\'right\'>1255368</td><td bgcolor=\'#eeeeec\'>Footup\\Footup->go(  )</td><td title=\'/opt/blamp-80/www/footup_exemple/core/Footup.php\' bgcolor=\'#eeeeec\'>.../Footup.php<b>:</b>44</td></tr>
<tr><td bgcolor=\'#eeeeec\' align=\'center\'>4</td><td bgcolor=\'#eeeeec\' align=\'center\'>0.0428</td><td bgcolor=\'#eeeeec\' align=\'right\'>1527320</td><td bgcolor=\'#eeeeec\'>App\\Controller\\Auth->index(  )</td><td title=\'/opt/blamp-80/www/footup_exemple/core/Footup.php\' bgcolor=\'#eeeeec\'>.../Footup.php<b>:</b>91</td></tr>
<tr><td bgcolor=\'#eeeeec\' align=\'center\'>5</td><td bgcolor=\'#eeeeec\' align=\'center\'>0.0577</td><td bgcolor=\'#eeeeec\' align=\'right\'>2158640</td><td bgcolor=\'#eeeeec\'>Footup\\Orm\\ModelQueryBuilder->first( <span>$field = </span>???, <span>$value = </span>??? )</td><td title=\'/opt/blamp-80/www/footup_exemple/app/Controller/Auth.php\' bgcolor=\'#eeeeec\'>.../Auth.php<b>:</b>25</td></tr>
<tr><td bgcolor=\'#eeeeec\' align=\'center\'>6</td><td bgcolor=\'#eeeeec\' align=\'center\'>0.0577</td><td bgcolor=\'#eeeeec\' align=\'right\'>2158680</td><td bgcolor=\'#eeeeec\'>Footup\\Orm\\ModelQueryBuilder->one( <span>$fields = </span>???, <span>$where = </span>??? )</td><td title=\'/opt/blamp-80/www/footup_exemple/core/Database/QueryBuilder.php\' bgcolor=\'#eeeeec\'>.../QueryBuilder.php<b>:</b>960</td></tr>
<tr><td bgcolor=\'#eeeeec\' align=\'center\'>7</td><td bgcolor=\'#eeeeec\' align=\'center\'>0.0577</td><td bgcolor=\'#eeeeec\' align=\'right\'>2158680</td><td bgcolor=\'#eeeeec\'>Footup\\Orm\\ModelQueryBuilder->get( <span>$select = </span><span>NULL</span>, <span>$where = </span><span>NULL</span>, <span>$limit = </span><span>1</span>, <span>$offset = </span>??? )</td><td title=\'/opt/blamp-80/www/footup_exemple/core/Database/QueryBuilder.php\' bgcolor=\'#eeeeec\'>.../QueryBuilder.php<b>:</b>937</td></tr>
<tr><td bgcolor=\'#eeeeec\' align=\'center\'>8</td><td bgcolor=\'#eeeeec\' align=\'center\'>0.0578</td><td bgcolor=\'#eeeeec\' align=\'right\'>2158872</td><td bgcolor=\'#eeeeec\'>Footup\\Orm\\ModelQueryBuilder->execute( <span>$params = </span>??? )</td><td title=\'/opt/blamp-80/www/footup_exemple/core/Orm/ModelQueryBuilder.php\' bgcolor=\'#eeeeec\'>.../ModelQueryBuilder.php<b>:</b>121</td></tr>
',
      )),
    ),
  ),
)array (
  0 => 
  array (
    'function' => 'exceptionHandler',
    'class' => 'Footup\\Debug\\Handlers',
    'object' => 
    Footup\Debug\Handlers::__set_state(array(
       'env' => 'dev',
       'errors' => 
      array (
        'type' => 0,
        'message' => 'Impossible de marcher avec FootUP Framework ! Raison : <b>Erreur de la base de données: SQLSTATE[42000]: Syntax error or access violation: 1064 You have an error in your SQL syntax; check the manual that corresponds to your MariaDB server version for the right syntax to use near \'ink.tasks@gmail.com ORDER BY id ASC LIMIT 1\' at line 1
SQL: SELECT * FROM user WHERE username = \'\\\'ink.tasks@gmail.com\\\'\'OR email ink.tasks@gmail.com ORDER BY id ASC LIMIT 1</b>',
        'file' => '/opt/blamp-80/www/footup_exemple/core/Database/QueryBuilder.php',
        'line' => 872,
        'class' => 'Exception',
        'trace' => 
        array (
          0 => 
          array (
            'file' => '/opt/blamp-80/www/footup_exemple/core/Orm/ModelQueryBuilder.php',
            'line' => 121,
            'function' => 'execute',
            'class' => 'Footup\\Database\\QueryBuilder',
            'type' => '->',
          ),
          1 => 
          array (
            'file' => '/opt/blamp-80/www/footup_exemple/core/Database/QueryBuilder.php',
            'line' => 937,
            'function' => 'get',
            'class' => 'Footup\\Orm\\ModelQueryBuilder',
            'type' => '->',
          ),
          2 => 
          array (
            'file' => '/opt/blamp-80/www/footup_exemple/core/Database/QueryBuilder.php',
            'line' => 960,
            'function' => 'one',
            'class' => 'Footup\\Database\\QueryBuilder',
            'type' => '->',
          ),
          3 => 
          array (
            'file' => '/opt/blamp-80/www/footup_exemple/app/Controller/Auth.php',
            'line' => 25,
            'function' => 'first',
            'class' => 'Footup\\Database\\QueryBuilder',
            'type' => '->',
          ),
          4 => 
          array (
            'file' => '/opt/blamp-80/www/footup_exemple/core/Footup.php',
            'line' => 91,
            'function' => 'index',
            'class' => 'App\\Controller\\Auth',
            'type' => '->',
          ),
          5 => 
          array (
            'file' => '/opt/blamp-80/www/footup_exemple/core/Footup.php',
            'line' => 44,
            'function' => 'go',
            'class' => 'Footup\\Footup',
            'type' => '->',
          ),
          6 => 
          array (
            'file' => '/opt/blamp-80/www/footup_exemple/public/index.php',
            'line' => 36,
            'function' => 'terminate',
            'class' => 'Footup\\Footup',
            'type' => '->',
          ),
        ),
      ),
    )),
    'type' => '->',
    'args' => 
    array (
      0 => 
      Exception::__set_state(array(
         'message' => 'Erreur de la base de données: SQLSTATE[42000]: Syntax error or access violation: 1064 You have an error in your SQL syntax; check the manual that corresponds to your MariaDB server version for the right syntax to use near \'ink.tasks@gmail.com ORDER BY id ASC LIMIT 1\' at line 1
SQL: SELECT * FROM user WHERE username = \'\\\'ink.tasks@gmail.com\\\'\'OR email ink.tasks@gmail.com ORDER BY id ASC LIMIT 1',
         'string' => '',
         'code' => 0,
         'file' => '/opt/blamp-80/www/footup_exemple/core/Database/QueryBuilder.php',
         'line' => 872,
         'trace' => 
        array (
          0 => 
          array (
            'file' => '/opt/blamp-80/www/footup_exemple/core/Orm/ModelQueryBuilder.php',
            'line' => 121,
            'function' => 'execute',
            'class' => 'Footup\\Database\\QueryBuilder',
            'type' => '->',
          ),
          1 => 
          array (
            'file' => '/opt/blamp-80/www/footup_exemple/core/Database/QueryBuilder.php',
            'line' => 937,
            'function' => 'get',
            'class' => 'Footup\\Orm\\ModelQueryBuilder',
            'type' => '->',
          ),
          2 => 
          array (
            'file' => '/opt/blamp-80/www/footup_exemple/core/Database/QueryBuilder.php',
            'line' => 960,
            'function' => 'one',
            'class' => 'Footup\\Database\\QueryBuilder',
            'type' => '->',
          ),
          3 => 
          array (
            'file' => '/opt/blamp-80/www/footup_exemple/app/Controller/Auth.php',
            'line' => 25,
            'function' => 'first',
            'class' => 'Footup\\Database\\QueryBuilder',
            'type' => '->',
          ),
          4 => 
          array (
            'file' => '/opt/blamp-80/www/footup_exemple/core/Footup.php',
            'line' => 91,
            'function' => 'index',
            'class' => 'App\\Controller\\Auth',
            'type' => '->',
          ),
          5 => 
          array (
            'file' => '/opt/blamp-80/www/footup_exemple/core/Footup.php',
            'line' => 44,
            'function' => 'go',
            'class' => 'Footup\\Footup',
            'type' => '->',
          ),
          6 => 
          array (
            'file' => '/opt/blamp-80/www/footup_exemple/public/index.php',
            'line' => 36,
            'function' => 'terminate',
            'class' => 'Footup\\Footup',
            'type' => '->',
          ),
        ),
         'previous' => NULL,
         'xdebug_message' => '<tr><th align=\'left\' bgcolor=\'#f57900\' colspan="5"><span style=\'background-color: #cc0000; color: #fce94f; font-size: x-large;\'>( ! )</span> Exception: Erreur de la base de données: SQLSTATE[42000]: Syntax error or access violation: 1064 You have an error in your SQL syntax; check the manual that corresponds to your MariaDB server version for the right syntax to use near \'ink.tasks@gmail.com ORDER BY id ASC LIMIT 1\' at line 1
SQL: SELECT * FROM user WHERE username = \'\\\'ink.tasks@gmail.com\\\'\'OR email ink.tasks@gmail.com ORDER BY id ASC LIMIT 1 in /opt/blamp-80/www/footup_exemple/core/Database/QueryBuilder.php on line <i>872</i></th></tr>
<tr><th align=\'left\' bgcolor=\'#e9b96e\' colspan=\'5\'>Call Stack</th></tr>
<tr><th align=\'center\' bgcolor=\'#eeeeec\'>#</th><th align=\'left\' bgcolor=\'#eeeeec\'>Time</th><th align=\'left\' bgcolor=\'#eeeeec\'>Memory</th><th align=\'left\' bgcolor=\'#eeeeec\'>Function</th><th align=\'left\' bgcolor=\'#eeeeec\'>Location</th></tr>
<tr><td bgcolor=\'#eeeeec\' align=\'center\'>1</td><td bgcolor=\'#eeeeec\' align=\'center\'>0.0004</td><td bgcolor=\'#eeeeec\' align=\'right\'>408416</td><td bgcolor=\'#eeeeec\'>{main}(  )</td><td title=\'/opt/blamp-80/www/footup_exemple/public/index.php\' bgcolor=\'#eeeeec\'>.../index.php<b>:</b>0</td></tr>
<tr><td bgcolor=\'#eeeeec\' align=\'center\'>2</td><td bgcolor=\'#eeeeec\' align=\'center\'>0.0375</td><td bgcolor=\'#eeeeec\' align=\'right\'>1255368</td><td bgcolor=\'#eeeeec\'>Footup\\Footup->terminate(  )</td><td title=\'/opt/blamp-80/www/footup_exemple/public/index.php\' bgcolor=\'#eeeeec\'>.../index.php<b>:</b>36</td></tr>
<tr><td bgcolor=\'#eeeeec\' align=\'center\'>3</td><td bgcolor=\'#eeeeec\' align=\'center\'>0.0375</td><td bgcolor=\'#eeeeec\' align=\'right\'>1255368</td><td bgcolor=\'#eeeeec\'>Footup\\Footup->go(  )</td><td title=\'/opt/blamp-80/www/footup_exemple/core/Footup.php\' bgcolor=\'#eeeeec\'>.../Footup.php<b>:</b>44</td></tr>
<tr><td bgcolor=\'#eeeeec\' align=\'center\'>4</td><td bgcolor=\'#eeeeec\' align=\'center\'>0.0477</td><td bgcolor=\'#eeeeec\' align=\'right\'>1527320</td><td bgcolor=\'#eeeeec\'>App\\Controller\\Auth->index(  )</td><td title=\'/opt/blamp-80/www/footup_exemple/core/Footup.php\' bgcolor=\'#eeeeec\'>.../Footup.php<b>:</b>91</td></tr>
<tr><td bgcolor=\'#eeeeec\' align=\'center\'>5</td><td bgcolor=\'#eeeeec\' align=\'center\'>0.0661</td><td bgcolor=\'#eeeeec\' align=\'right\'>2158656</td><td bgcolor=\'#eeeeec\'>Footup\\Orm\\ModelQueryBuilder->first( <span>$field = </span>???, <span>$value = </span>??? )</td><td title=\'/opt/blamp-80/www/footup_exemple/app/Controller/Auth.php\' bgcolor=\'#eeeeec\'>.../Auth.php<b>:</b>25</td></tr>
<tr><td bgcolor=\'#eeeeec\' align=\'center\'>6</td><td bgcolor=\'#eeeeec\' align=\'center\'>0.0662</td><td bgcolor=\'#eeeeec\' align=\'right\'>2158696</td><td bgcolor=\'#eeeeec\'>Footup\\Orm\\ModelQueryBuilder->one( <span>$fields = </span>???, <span>$where = </span>??? )</td><td title=\'/opt/blamp-80/www/footup_exemple/core/Database/QueryBuilder.php\' bgcolor=\'#eeeeec\'>.../QueryBuilder.php<b>:</b>960</td></tr>
<tr><td bgcolor=\'#eeeeec\' align=\'center\'>7</td><td bgcolor=\'#eeeeec\' align=\'center\'>0.0662</td><td bgcolor=\'#eeeeec\' align=\'right\'>2158696</td><td bgcolor=\'#eeeeec\'>Footup\\Orm\\ModelQueryBuilder->get( <span>$select = </span><span>NULL</span>, <span>$where = </span><span>NULL</span>, <span>$limit = </span><span>1</span>, <span>$offset = </span>??? )</td><td title=\'/opt/blamp-80/www/footup_exemple/core/Database/QueryBuilder.php\' bgcolor=\'#eeeeec\'>.../QueryBuilder.php<b>:</b>937</td></tr>
<tr><td bgcolor=\'#eeeeec\' align=\'center\'>8</td><td bgcolor=\'#eeeeec\' align=\'center\'>0.0663</td><td bgcolor=\'#eeeeec\' align=\'right\'>2158888</td><td bgcolor=\'#eeeeec\'>Footup\\Orm\\ModelQueryBuilder->execute( <span>$params = </span>??? )</td><td title=\'/opt/blamp-80/www/footup_exemple/core/Orm/ModelQueryBuilder.php\' bgcolor=\'#eeeeec\'>.../ModelQueryBuilder.php<b>:</b>121</td></tr>
',
      )),
    ),
  ),
)array (
  0 => 
  array (
    'function' => 'exceptionHandler',
    'class' => 'Footup\\Debug\\Handlers',
    'object' => 
    Footup\Debug\Handlers::__set_state(array(
       'env' => 'dev',
       'errors' => 
      array (
        'type' => 0,
        'message' => 'Impossible de marcher avec FootUP Framework ! Raison : <b>Erreur de la base de données: SQLSTATE[42000]: Syntax error or access violation: 1064 You have an error in your SQL syntax; check the manual that corresponds to your MariaDB server version for the right syntax to use near \'ink.tasks@gmail.com ORDER BY id ASC LIMIT 1\' at line 1
SQL: SELECT * FROM user WHERE username = \'\\\'ink.tasks@gmail.com\\\'\'OR email ink.tasks@gmail.com ORDER BY id ASC LIMIT 1</b>',
        'file' => '/opt/blamp-80/www/footup_exemple/core/Database/QueryBuilder.php',
        'line' => 872,
        'class' => 'Exception',
        'trace' => 
        array (
          0 => 
          array (
            'file' => '/opt/blamp-80/www/footup_exemple/core/Orm/ModelQueryBuilder.php',
            'line' => 121,
            'function' => 'execute',
            'class' => 'Footup\\Database\\QueryBuilder',
            'type' => '->',
          ),
          1 => 
          array (
            'file' => '/opt/blamp-80/www/footup_exemple/core/Database/QueryBuilder.php',
            'line' => 937,
            'function' => 'get',
            'class' => 'Footup\\Orm\\ModelQueryBuilder',
            'type' => '->',
          ),
          2 => 
          array (
            'file' => '/opt/blamp-80/www/footup_exemple/core/Database/QueryBuilder.php',
            'line' => 960,
            'function' => 'one',
            'class' => 'Footup\\Database\\QueryBuilder',
            'type' => '->',
          ),
          3 => 
          array (
            'file' => '/opt/blamp-80/www/footup_exemple/app/Controller/Auth.php',
            'line' => 25,
            'function' => 'first',
            'class' => 'Footup\\Database\\QueryBuilder',
            'type' => '->',
          ),
          4 => 
          array (
            'file' => '/opt/blamp-80/www/footup_exemple/core/Footup.php',
            'line' => 91,
            'function' => 'index',
            'class' => 'App\\Controller\\Auth',
            'type' => '->',
          ),
          5 => 
          array (
            'file' => '/opt/blamp-80/www/footup_exemple/core/Footup.php',
            'line' => 44,
            'function' => 'go',
            'class' => 'Footup\\Footup',
            'type' => '->',
          ),
          6 => 
          array (
            'file' => '/opt/blamp-80/www/footup_exemple/public/index.php',
            'line' => 36,
            'function' => 'terminate',
            'class' => 'Footup\\Footup',
            'type' => '->',
          ),
        ),
      ),
    )),
    'type' => '->',
    'args' => 
    array (
      0 => 
      Exception::__set_state(array(
         'message' => 'Erreur de la base de données: SQLSTATE[42000]: Syntax error or access violation: 1064 You have an error in your SQL syntax; check the manual that corresponds to your MariaDB server version for the right syntax to use near \'ink.tasks@gmail.com ORDER BY id ASC LIMIT 1\' at line 1
SQL: SELECT * FROM user WHERE username = \'\\\'ink.tasks@gmail.com\\\'\'OR email ink.tasks@gmail.com ORDER BY id ASC LIMIT 1',
         'string' => '',
         'code' => 0,
         'file' => '/opt/blamp-80/www/footup_exemple/core/Database/QueryBuilder.php',
         'line' => 872,
         'trace' => 
        array (
          0 => 
          array (
            'file' => '/opt/blamp-80/www/footup_exemple/core/Orm/ModelQueryBuilder.php',
            'line' => 121,
            'function' => 'execute',
            'class' => 'Footup\\Database\\QueryBuilder',
            'type' => '->',
          ),
          1 => 
          array (
            'file' => '/opt/blamp-80/www/footup_exemple/core/Database/QueryBuilder.php',
            'line' => 937,
            'function' => 'get',
            'class' => 'Footup\\Orm\\ModelQueryBuilder',
            'type' => '->',
          ),
          2 => 
          array (
            'file' => '/opt/blamp-80/www/footup_exemple/core/Database/QueryBuilder.php',
            'line' => 960,
            'function' => 'one',
            'class' => 'Footup\\Database\\QueryBuilder',
            'type' => '->',
          ),
          3 => 
          array (
            'file' => '/opt/blamp-80/www/footup_exemple/app/Controller/Auth.php',
            'line' => 25,
            'function' => 'first',
            'class' => 'Footup\\Database\\QueryBuilder',
            'type' => '->',
          ),
          4 => 
          array (
            'file' => '/opt/blamp-80/www/footup_exemple/core/Footup.php',
            'line' => 91,
            'function' => 'index',
            'class' => 'App\\Controller\\Auth',
            'type' => '->',
          ),
          5 => 
          array (
            'file' => '/opt/blamp-80/www/footup_exemple/core/Footup.php',
            'line' => 44,
            'function' => 'go',
            'class' => 'Footup\\Footup',
            'type' => '->',
          ),
          6 => 
          array (
            'file' => '/opt/blamp-80/www/footup_exemple/public/index.php',
            'line' => 36,
            'function' => 'terminate',
            'class' => 'Footup\\Footup',
            'type' => '->',
          ),
        ),
         'previous' => NULL,
         'xdebug_message' => '<tr><th align=\'left\' bgcolor=\'#f57900\' colspan="5"><span style=\'background-color: #cc0000; color: #fce94f; font-size: x-large;\'>( ! )</span> Exception: Erreur de la base de données: SQLSTATE[42000]: Syntax error or access violation: 1064 You have an error in your SQL syntax; check the manual that corresponds to your MariaDB server version for the right syntax to use near \'ink.tasks@gmail.com ORDER BY id ASC LIMIT 1\' at line 1
SQL: SELECT * FROM user WHERE username = \'\\\'ink.tasks@gmail.com\\\'\'OR email ink.tasks@gmail.com ORDER BY id ASC LIMIT 1 in /opt/blamp-80/www/footup_exemple/core/Database/QueryBuilder.php on line <i>872</i></th></tr>
<tr><th align=\'left\' bgcolor=\'#e9b96e\' colspan=\'5\'>Call Stack</th></tr>
<tr><th align=\'center\' bgcolor=\'#eeeeec\'>#</th><th align=\'left\' bgcolor=\'#eeeeec\'>Time</th><th align=\'left\' bgcolor=\'#eeeeec\'>Memory</th><th align=\'left\' bgcolor=\'#eeeeec\'>Function</th><th align=\'left\' bgcolor=\'#eeeeec\'>Location</th></tr>
<tr><td bgcolor=\'#eeeeec\' align=\'center\'>1</td><td bgcolor=\'#eeeeec\' align=\'center\'>0.0004</td><td bgcolor=\'#eeeeec\' align=\'right\'>408416</td><td bgcolor=\'#eeeeec\'>{main}(  )</td><td title=\'/opt/blamp-80/www/footup_exemple/public/index.php\' bgcolor=\'#eeeeec\'>.../index.php<b>:</b>0</td></tr>
<tr><td bgcolor=\'#eeeeec\' align=\'center\'>2</td><td bgcolor=\'#eeeeec\' align=\'center\'>0.0329</td><td bgcolor=\'#eeeeec\' align=\'right\'>1255368</td><td bgcolor=\'#eeeeec\'>Footup\\Footup->terminate(  )</td><td title=\'/opt/blamp-80/www/footup_exemple/public/index.php\' bgcolor=\'#eeeeec\'>.../index.php<b>:</b>36</td></tr>
<tr><td bgcolor=\'#eeeeec\' align=\'center\'>3</td><td bgcolor=\'#eeeeec\' align=\'center\'>0.0329</td><td bgcolor=\'#eeeeec\' align=\'right\'>1255368</td><td bgcolor=\'#eeeeec\'>Footup\\Footup->go(  )</td><td title=\'/opt/blamp-80/www/footup_exemple/core/Footup.php\' bgcolor=\'#eeeeec\'>.../Footup.php<b>:</b>44</td></tr>
<tr><td bgcolor=\'#eeeeec\' align=\'center\'>4</td><td bgcolor=\'#eeeeec\' align=\'center\'>0.0438</td><td bgcolor=\'#eeeeec\' align=\'right\'>1527320</td><td bgcolor=\'#eeeeec\'>App\\Controller\\Auth->index(  )</td><td title=\'/opt/blamp-80/www/footup_exemple/core/Footup.php\' bgcolor=\'#eeeeec\'>.../Footup.php<b>:</b>91</td></tr>
<tr><td bgcolor=\'#eeeeec\' align=\'center\'>5</td><td bgcolor=\'#eeeeec\' align=\'center\'>0.0670</td><td bgcolor=\'#eeeeec\' align=\'right\'>2158656</td><td bgcolor=\'#eeeeec\'>Footup\\Orm\\ModelQueryBuilder->first( <span>$field = </span>???, <span>$value = </span>??? )</td><td title=\'/opt/blamp-80/www/footup_exemple/app/Controller/Auth.php\' bgcolor=\'#eeeeec\'>.../Auth.php<b>:</b>25</td></tr>
<tr><td bgcolor=\'#eeeeec\' align=\'center\'>6</td><td bgcolor=\'#eeeeec\' align=\'center\'>0.0670</td><td bgcolor=\'#eeeeec\' align=\'right\'>2158696</td><td bgcolor=\'#eeeeec\'>Footup\\Orm\\ModelQueryBuilder->one( <span>$fields = </span>???, <span>$where = </span>??? )</td><td title=\'/opt/blamp-80/www/footup_exemple/core/Database/QueryBuilder.php\' bgcolor=\'#eeeeec\'>.../QueryBuilder.php<b>:</b>960</td></tr>
<tr><td bgcolor=\'#eeeeec\' align=\'center\'>7</td><td bgcolor=\'#eeeeec\' align=\'center\'>0.0670</td><td bgcolor=\'#eeeeec\' align=\'right\'>2158696</td><td bgcolor=\'#eeeeec\'>Footup\\Orm\\ModelQueryBuilder->get( <span>$select = </span><span>NULL</span>, <span>$where = </span><span>NULL</span>, <span>$limit = </span><span>1</span>, <span>$offset = </span>??? )</td><td title=\'/opt/blamp-80/www/footup_exemple/core/Database/QueryBuilder.php\' bgcolor=\'#eeeeec\'>.../QueryBuilder.php<b>:</b>937</td></tr>
<tr><td bgcolor=\'#eeeeec\' align=\'center\'>8</td><td bgcolor=\'#eeeeec\' align=\'center\'>0.0671</td><td bgcolor=\'#eeeeec\' align=\'right\'>2158888</td><td bgcolor=\'#eeeeec\'>Footup\\Orm\\ModelQueryBuilder->execute( <span>$params = </span>??? )</td><td title=\'/opt/blamp-80/www/footup_exemple/core/Orm/ModelQueryBuilder.php\' bgcolor=\'#eeeeec\'>.../ModelQueryBuilder.php<b>:</b>121</td></tr>
',
      )),
    ),
  ),
)array (
  0 => 
  array (
    'function' => 'exceptionHandler',
    'class' => 'Footup\\Debug\\Handlers',
    'object' => 
    Footup\Debug\Handlers::__set_state(array(
       'env' => 'dev',
       'errors' => 
      array (
        'type' => 0,
        'message' => 'Impossible de marcher avec FootUP Framework ! Raison : <b>Erreur de la base de données: SQLSTATE[42000]: Syntax error or access violation: 1064 You have an error in your SQL syntax; check the manual that corresponds to your MariaDB server version for the right syntax to use near \'ink.tasks@gmail.com ORDER BY id ASC LIMIT 1\' at line 1
SQL: SELECT * FROM user WHERE username = \'ink.tasks@gmail.com\'OR email ink.tasks@gmail.com ORDER BY id ASC LIMIT 1</b>',
        'file' => '/opt/blamp-80/www/footup_exemple/core/Database/QueryBuilder.php',
        'line' => 872,
        'class' => 'Exception',
        'trace' => 
        array (
          0 => 
          array (
            'file' => '/opt/blamp-80/www/footup_exemple/core/Orm/ModelQueryBuilder.php',
            'line' => 121,
            'function' => 'execute',
            'class' => 'Footup\\Database\\QueryBuilder',
            'type' => '->',
          ),
          1 => 
          array (
            'file' => '/opt/blamp-80/www/footup_exemple/core/Database/QueryBuilder.php',
            'line' => 937,
            'function' => 'get',
            'class' => 'Footup\\Orm\\ModelQueryBuilder',
            'type' => '->',
          ),
          2 => 
          array (
            'file' => '/opt/blamp-80/www/footup_exemple/core/Database/QueryBuilder.php',
            'line' => 960,
            'function' => 'one',
            'class' => 'Footup\\Database\\QueryBuilder',
            'type' => '->',
          ),
          3 => 
          array (
            'file' => '/opt/blamp-80/www/footup_exemple/app/Controller/Auth.php',
            'line' => 25,
            'function' => 'first',
            'class' => 'Footup\\Database\\QueryBuilder',
            'type' => '->',
          ),
          4 => 
          array (
            'file' => '/opt/blamp-80/www/footup_exemple/core/Footup.php',
            'line' => 91,
            'function' => 'index',
            'class' => 'App\\Controller\\Auth',
            'type' => '->',
          ),
          5 => 
          array (
            'file' => '/opt/blamp-80/www/footup_exemple/core/Footup.php',
            'line' => 44,
            'function' => 'go',
            'class' => 'Footup\\Footup',
            'type' => '->',
          ),
          6 => 
          array (
            'file' => '/opt/blamp-80/www/footup_exemple/public/index.php',
            'line' => 36,
            'function' => 'terminate',
            'class' => 'Footup\\Footup',
            'type' => '->',
          ),
        ),
      ),
    )),
    'type' => '->',
    'args' => 
    array (
      0 => 
      Exception::__set_state(array(
         'message' => 'Erreur de la base de données: SQLSTATE[42000]: Syntax error or access violation: 1064 You have an error in your SQL syntax; check the manual that corresponds to your MariaDB server version for the right syntax to use near \'ink.tasks@gmail.com ORDER BY id ASC LIMIT 1\' at line 1
SQL: SELECT * FROM user WHERE username = \'ink.tasks@gmail.com\'OR email ink.tasks@gmail.com ORDER BY id ASC LIMIT 1',
         'string' => '',
         'code' => 0,
         'file' => '/opt/blamp-80/www/footup_exemple/core/Database/QueryBuilder.php',
         'line' => 872,
         'trace' => 
        array (
          0 => 
          array (
            'file' => '/opt/blamp-80/www/footup_exemple/core/Orm/ModelQueryBuilder.php',
            'line' => 121,
            'function' => 'execute',
            'class' => 'Footup\\Database\\QueryBuilder',
            'type' => '->',
          ),
          1 => 
          array (
            'file' => '/opt/blamp-80/www/footup_exemple/core/Database/QueryBuilder.php',
            'line' => 937,
            'function' => 'get',
            'class' => 'Footup\\Orm\\ModelQueryBuilder',
            'type' => '->',
          ),
          2 => 
          array (
            'file' => '/opt/blamp-80/www/footup_exemple/core/Database/QueryBuilder.php',
            'line' => 960,
            'function' => 'one',
            'class' => 'Footup\\Database\\QueryBuilder',
            'type' => '->',
          ),
          3 => 
          array (
            'file' => '/opt/blamp-80/www/footup_exemple/app/Controller/Auth.php',
            'line' => 25,
            'function' => 'first',
            'class' => 'Footup\\Database\\QueryBuilder',
            'type' => '->',
          ),
          4 => 
          array (
            'file' => '/opt/blamp-80/www/footup_exemple/core/Footup.php',
            'line' => 91,
            'function' => 'index',
            'class' => 'App\\Controller\\Auth',
            'type' => '->',
          ),
          5 => 
          array (
            'file' => '/opt/blamp-80/www/footup_exemple/core/Footup.php',
            'line' => 44,
            'function' => 'go',
            'class' => 'Footup\\Footup',
            'type' => '->',
          ),
          6 => 
          array (
            'file' => '/opt/blamp-80/www/footup_exemple/public/index.php',
            'line' => 36,
            'function' => 'terminate',
            'class' => 'Footup\\Footup',
            'type' => '->',
          ),
        ),
         'previous' => NULL,
         'xdebug_message' => '<tr><th align=\'left\' bgcolor=\'#f57900\' colspan="5"><span style=\'background-color: #cc0000; color: #fce94f; font-size: x-large;\'>( ! )</span> Exception: Erreur de la base de données: SQLSTATE[42000]: Syntax error or access violation: 1064 You have an error in your SQL syntax; check the manual that corresponds to your MariaDB server version for the right syntax to use near \'ink.tasks@gmail.com ORDER BY id ASC LIMIT 1\' at line 1
SQL: SELECT * FROM user WHERE username = \'ink.tasks@gmail.com\'OR email ink.tasks@gmail.com ORDER BY id ASC LIMIT 1 in /opt/blamp-80/www/footup_exemple/core/Database/QueryBuilder.php on line <i>872</i></th></tr>
<tr><th align=\'left\' bgcolor=\'#e9b96e\' colspan=\'5\'>Call Stack</th></tr>
<tr><th align=\'center\' bgcolor=\'#eeeeec\'>#</th><th align=\'left\' bgcolor=\'#eeeeec\'>Time</th><th align=\'left\' bgcolor=\'#eeeeec\'>Memory</th><th align=\'left\' bgcolor=\'#eeeeec\'>Function</th><th align=\'left\' bgcolor=\'#eeeeec\'>Location</th></tr>
<tr><td bgcolor=\'#eeeeec\' align=\'center\'>1</td><td bgcolor=\'#eeeeec\' align=\'center\'>0.0004</td><td bgcolor=\'#eeeeec\' align=\'right\'>408416</td><td bgcolor=\'#eeeeec\'>{main}(  )</td><td title=\'/opt/blamp-80/www/footup_exemple/public/index.php\' bgcolor=\'#eeeeec\'>.../index.php<b>:</b>0</td></tr>
<tr><td bgcolor=\'#eeeeec\' align=\'center\'>2</td><td bgcolor=\'#eeeeec\' align=\'center\'>0.0283</td><td bgcolor=\'#eeeeec\' align=\'right\'>1255368</td><td bgcolor=\'#eeeeec\'>Footup\\Footup->terminate(  )</td><td title=\'/opt/blamp-80/www/footup_exemple/public/index.php\' bgcolor=\'#eeeeec\'>.../index.php<b>:</b>36</td></tr>
<tr><td bgcolor=\'#eeeeec\' align=\'center\'>3</td><td bgcolor=\'#eeeeec\' align=\'center\'>0.0283</td><td bgcolor=\'#eeeeec\' align=\'right\'>1255368</td><td bgcolor=\'#eeeeec\'>Footup\\Footup->go(  )</td><td title=\'/opt/blamp-80/www/footup_exemple/core/Footup.php\' bgcolor=\'#eeeeec\'>.../Footup.php<b>:</b>44</td></tr>
<tr><td bgcolor=\'#eeeeec\' align=\'center\'>4</td><td bgcolor=\'#eeeeec\' align=\'center\'>0.0370</td><td bgcolor=\'#eeeeec\' align=\'right\'>1527320</td><td bgcolor=\'#eeeeec\'>App\\Controller\\Auth->index(  )</td><td title=\'/opt/blamp-80/www/footup_exemple/core/Footup.php\' bgcolor=\'#eeeeec\'>.../Footup.php<b>:</b>91</td></tr>
<tr><td bgcolor=\'#eeeeec\' align=\'center\'>5</td><td bgcolor=\'#eeeeec\' align=\'center\'>0.0524</td><td bgcolor=\'#eeeeec\' align=\'right\'>2158640</td><td bgcolor=\'#eeeeec\'>Footup\\Orm\\ModelQueryBuilder->first( <span>$field = </span>???, <span>$value = </span>??? )</td><td title=\'/opt/blamp-80/www/footup_exemple/app/Controller/Auth.php\' bgcolor=\'#eeeeec\'>.../Auth.php<b>:</b>25</td></tr>
<tr><td bgcolor=\'#eeeeec\' align=\'center\'>6</td><td bgcolor=\'#eeeeec\' align=\'center\'>0.0524</td><td bgcolor=\'#eeeeec\' align=\'right\'>2158680</td><td bgcolor=\'#eeeeec\'>Footup\\Orm\\ModelQueryBuilder->one( <span>$fields = </span>???, <span>$where = </span>??? )</td><td title=\'/opt/blamp-80/www/footup_exemple/core/Database/QueryBuilder.php\' bgcolor=\'#eeeeec\'>.../QueryBuilder.php<b>:</b>960</td></tr>
<tr><td bgcolor=\'#eeeeec\' align=\'center\'>7</td><td bgcolor=\'#eeeeec\' align=\'center\'>0.0524</td><td bgcolor=\'#eeeeec\' align=\'right\'>2158680</td><td bgcolor=\'#eeeeec\'>Footup\\Orm\\ModelQueryBuilder->get( <span>$select = </span><span>NULL</span>, <span>$where = </span><span>NULL</span>, <span>$limit = </span><span>1</span>, <span>$offset = </span>??? )</td><td title=\'/opt/blamp-80/www/footup_exemple/core/Database/QueryBuilder.php\' bgcolor=\'#eeeeec\'>.../QueryBuilder.php<b>:</b>937</td></tr>
<tr><td bgcolor=\'#eeeeec\' align=\'center\'>8</td><td bgcolor=\'#eeeeec\' align=\'center\'>0.0526</td><td bgcolor=\'#eeeeec\' align=\'right\'>2158872</td><td bgcolor=\'#eeeeec\'>Footup\\Orm\\ModelQueryBuilder->execute( <span>$params = </span>??? )</td><td title=\'/opt/blamp-80/www/footup_exemple/core/Orm/ModelQueryBuilder.php\' bgcolor=\'#eeeeec\'>.../ModelQueryBuilder.php<b>:</b>121</td></tr>
',
      )),
    ),
  ),
)array (
  0 => 
  array (
    'function' => 'exceptionHandler',
    'class' => 'Footup\\Debug\\Handlers',
    'object' => 
    Footup\Debug\Handlers::__set_state(array(
       'env' => 'dev',
       'errors' => 
      array (
        'type' => 0,
        'message' => 'Impossible de marcher avec FootUP Framework ! Raison : <b>Erreur de la base de données: SQLSTATE[42000]: Syntax error or access violation: 1064 You have an error in your SQL syntax; check the manual that corresponds to your MariaDB server version for the right syntax to use near \'ink.tasks@gmail.com ORDER BY id ASC LIMIT 1\' at line 1
SQL: SELECT * FROM user WHERE username = \'ink.tasks@gmail.com\'OR email ink.tasks@gmail.com ORDER BY id ASC LIMIT 1</b>',
        'file' => '/opt/blamp-80/www/footup_exemple/core/Database/QueryBuilder.php',
        'line' => 872,
        'class' => 'Exception',
        'trace' => 
        array (
          0 => 
          array (
            'file' => '/opt/blamp-80/www/footup_exemple/core/Orm/ModelQueryBuilder.php',
            'line' => 121,
            'function' => 'execute',
            'class' => 'Footup\\Database\\QueryBuilder',
            'type' => '->',
          ),
          1 => 
          array (
            'file' => '/opt/blamp-80/www/footup_exemple/core/Database/QueryBuilder.php',
            'line' => 937,
            'function' => 'get',
            'class' => 'Footup\\Orm\\ModelQueryBuilder',
            'type' => '->',
          ),
          2 => 
          array (
            'file' => '/opt/blamp-80/www/footup_exemple/core/Database/QueryBuilder.php',
            'line' => 960,
            'function' => 'one',
            'class' => 'Footup\\Database\\QueryBuilder',
            'type' => '->',
          ),
          3 => 
          array (
            'file' => '/opt/blamp-80/www/footup_exemple/app/Controller/Auth.php',
            'line' => 25,
            'function' => 'first',
            'class' => 'Footup\\Database\\QueryBuilder',
            'type' => '->',
          ),
          4 => 
          array (
            'file' => '/opt/blamp-80/www/footup_exemple/core/Footup.php',
            'line' => 91,
            'function' => 'index',
            'class' => 'App\\Controller\\Auth',
            'type' => '->',
          ),
          5 => 
          array (
            'file' => '/opt/blamp-80/www/footup_exemple/core/Footup.php',
            'line' => 44,
            'function' => 'go',
            'class' => 'Footup\\Footup',
            'type' => '->',
          ),
          6 => 
          array (
            'file' => '/opt/blamp-80/www/footup_exemple/public/index.php',
            'line' => 36,
            'function' => 'terminate',
            'class' => 'Footup\\Footup',
            'type' => '->',
          ),
        ),
      ),
    )),
    'type' => '->',
    'args' => 
    array (
      0 => 
      Exception::__set_state(array(
         'message' => 'Erreur de la base de données: SQLSTATE[42000]: Syntax error or access violation: 1064 You have an error in your SQL syntax; check the manual that corresponds to your MariaDB server version for the right syntax to use near \'ink.tasks@gmail.com ORDER BY id ASC LIMIT 1\' at line 1
SQL: SELECT * FROM user WHERE username = \'ink.tasks@gmail.com\'OR email ink.tasks@gmail.com ORDER BY id ASC LIMIT 1',
         'string' => '',
         'code' => 0,
         'file' => '/opt/blamp-80/www/footup_exemple/core/Database/QueryBuilder.php',
         'line' => 872,
         'trace' => 
        array (
          0 => 
          array (
            'file' => '/opt/blamp-80/www/footup_exemple/core/Orm/ModelQueryBuilder.php',
            'line' => 121,
            'function' => 'execute',
            'class' => 'Footup\\Database\\QueryBuilder',
            'type' => '->',
          ),
          1 => 
          array (
            'file' => '/opt/blamp-80/www/footup_exemple/core/Database/QueryBuilder.php',
            'line' => 937,
            'function' => 'get',
            'class' => 'Footup\\Orm\\ModelQueryBuilder',
            'type' => '->',
          ),
          2 => 
          array (
            'file' => '/opt/blamp-80/www/footup_exemple/core/Database/QueryBuilder.php',
            'line' => 960,
            'function' => 'one',
            'class' => 'Footup\\Database\\QueryBuilder',
            'type' => '->',
          ),
          3 => 
          array (
            'file' => '/opt/blamp-80/www/footup_exemple/app/Controller/Auth.php',
            'line' => 25,
            'function' => 'first',
            'class' => 'Footup\\Database\\QueryBuilder',
            'type' => '->',
          ),
          4 => 
          array (
            'file' => '/opt/blamp-80/www/footup_exemple/core/Footup.php',
            'line' => 91,
            'function' => 'index',
            'class' => 'App\\Controller\\Auth',
            'type' => '->',
          ),
          5 => 
          array (
            'file' => '/opt/blamp-80/www/footup_exemple/core/Footup.php',
            'line' => 44,
            'function' => 'go',
            'class' => 'Footup\\Footup',
            'type' => '->',
          ),
          6 => 
          array (
            'file' => '/opt/blamp-80/www/footup_exemple/public/index.php',
            'line' => 36,
            'function' => 'terminate',
            'class' => 'Footup\\Footup',
            'type' => '->',
          ),
        ),
         'previous' => NULL,
         'xdebug_message' => '<tr><th align=\'left\' bgcolor=\'#f57900\' colspan="5"><span style=\'background-color: #cc0000; color: #fce94f; font-size: x-large;\'>( ! )</span> Exception: Erreur de la base de données: SQLSTATE[42000]: Syntax error or access violation: 1064 You have an error in your SQL syntax; check the manual that corresponds to your MariaDB server version for the right syntax to use near \'ink.tasks@gmail.com ORDER BY id ASC LIMIT 1\' at line 1
SQL: SELECT * FROM user WHERE username = \'ink.tasks@gmail.com\'OR email ink.tasks@gmail.com ORDER BY id ASC LIMIT 1 in /opt/blamp-80/www/footup_exemple/core/Database/QueryBuilder.php on line <i>872</i></th></tr>
<tr><th align=\'left\' bgcolor=\'#e9b96e\' colspan=\'5\'>Call Stack</th></tr>
<tr><th align=\'center\' bgcolor=\'#eeeeec\'>#</th><th align=\'left\' bgcolor=\'#eeeeec\'>Time</th><th align=\'left\' bgcolor=\'#eeeeec\'>Memory</th><th align=\'left\' bgcolor=\'#eeeeec\'>Function</th><th align=\'left\' bgcolor=\'#eeeeec\'>Location</th></tr>
<tr><td bgcolor=\'#eeeeec\' align=\'center\'>1</td><td bgcolor=\'#eeeeec\' align=\'center\'>0.0004</td><td bgcolor=\'#eeeeec\' align=\'right\'>408416</td><td bgcolor=\'#eeeeec\'>{main}(  )</td><td title=\'/opt/blamp-80/www/footup_exemple/public/index.php\' bgcolor=\'#eeeeec\'>.../index.php<b>:</b>0</td></tr>
<tr><td bgcolor=\'#eeeeec\' align=\'center\'>2</td><td bgcolor=\'#eeeeec\' align=\'center\'>0.0407</td><td bgcolor=\'#eeeeec\' align=\'right\'>1255368</td><td bgcolor=\'#eeeeec\'>Footup\\Footup->terminate(  )</td><td title=\'/opt/blamp-80/www/footup_exemple/public/index.php\' bgcolor=\'#eeeeec\'>.../index.php<b>:</b>36</td></tr>
<tr><td bgcolor=\'#eeeeec\' align=\'center\'>3</td><td bgcolor=\'#eeeeec\' align=\'center\'>0.0407</td><td bgcolor=\'#eeeeec\' align=\'right\'>1255368</td><td bgcolor=\'#eeeeec\'>Footup\\Footup->go(  )</td><td title=\'/opt/blamp-80/www/footup_exemple/core/Footup.php\' bgcolor=\'#eeeeec\'>.../Footup.php<b>:</b>44</td></tr>
<tr><td bgcolor=\'#eeeeec\' align=\'center\'>4</td><td bgcolor=\'#eeeeec\' align=\'center\'>0.0515</td><td bgcolor=\'#eeeeec\' align=\'right\'>1527320</td><td bgcolor=\'#eeeeec\'>App\\Controller\\Auth->index(  )</td><td title=\'/opt/blamp-80/www/footup_exemple/core/Footup.php\' bgcolor=\'#eeeeec\'>.../Footup.php<b>:</b>91</td></tr>
<tr><td bgcolor=\'#eeeeec\' align=\'center\'>5</td><td bgcolor=\'#eeeeec\' align=\'center\'>0.0758</td><td bgcolor=\'#eeeeec\' align=\'right\'>2158640</td><td bgcolor=\'#eeeeec\'>Footup\\Orm\\ModelQueryBuilder->first( <span>$field = </span>???, <span>$value = </span>??? )</td><td title=\'/opt/blamp-80/www/footup_exemple/app/Controller/Auth.php\' bgcolor=\'#eeeeec\'>.../Auth.php<b>:</b>25</td></tr>
<tr><td bgcolor=\'#eeeeec\' align=\'center\'>6</td><td bgcolor=\'#eeeeec\' align=\'center\'>0.0758</td><td bgcolor=\'#eeeeec\' align=\'right\'>2158680</td><td bgcolor=\'#eeeeec\'>Footup\\Orm\\ModelQueryBuilder->one( <span>$fields = </span>???, <span>$where = </span>??? )</td><td title=\'/opt/blamp-80/www/footup_exemple/core/Database/QueryBuilder.php\' bgcolor=\'#eeeeec\'>.../QueryBuilder.php<b>:</b>960</td></tr>
<tr><td bgcolor=\'#eeeeec\' align=\'center\'>7</td><td bgcolor=\'#eeeeec\' align=\'center\'>0.0758</td><td bgcolor=\'#eeeeec\' align=\'right\'>2158680</td><td bgcolor=\'#eeeeec\'>Footup\\Orm\\ModelQueryBuilder->get( <span>$select = </span><span>NULL</span>, <span>$where = </span><span>NULL</span>, <span>$limit = </span><span>1</span>, <span>$offset = </span>??? )</td><td title=\'/opt/blamp-80/www/footup_exemple/core/Database/QueryBuilder.php\' bgcolor=\'#eeeeec\'>.../QueryBuilder.php<b>:</b>937</td></tr>
<tr><td bgcolor=\'#eeeeec\' align=\'center\'>8</td><td bgcolor=\'#eeeeec\' align=\'center\'>0.0759</td><td bgcolor=\'#eeeeec\' align=\'right\'>2158872</td><td bgcolor=\'#eeeeec\'>Footup\\Orm\\ModelQueryBuilder->execute( <span>$params = </span>??? )</td><td title=\'/opt/blamp-80/www/footup_exemple/core/Orm/ModelQueryBuilder.php\' bgcolor=\'#eeeeec\'>.../ModelQueryBuilder.php<b>:</b>121</td></tr>
',
      )),
    ),
  ),
)array (
  0 => 
  array (
    'file' => '/opt/blamp-80/www/footup_exemple/app/Controller/Auth.php',
    'line' => 39,
    'function' => '__call',
    'class' => 'Latte\\Engine',
    'type' => '->',
  ),
  1 => 
  array (
    'file' => '/opt/blamp-80/www/footup_exemple/core/Footup.php',
    'line' => 91,
    'function' => 'index',
    'class' => 'App\\Controller\\Auth',
    'type' => '->',
  ),
  2 => 
  array (
    'file' => '/opt/blamp-80/www/footup_exemple/core/Footup.php',
    'line' => 44,
    'function' => 'go',
    'class' => 'Footup\\Footup',
    'type' => '->',
  ),
  3 => 
  array (
    'file' => '/opt/blamp-80/www/footup_exemple/public/index.php',
    'line' => 36,
    'function' => 'terminate',
    'class' => 'Footup\\Footup',
    'type' => '->',
  ),
)array (
  0 => 
  array (
    'file' => '/opt/blamp-80/www/footup_exemple/app/Controller/Auth.php',
    'line' => 39,
    'function' => '__call',
    'class' => 'Latte\\Engine',
    'type' => '->',
  ),
  1 => 
  array (
    'file' => '/opt/blamp-80/www/footup_exemple/core/Footup.php',
    'line' => 91,
    'function' => 'index',
    'class' => 'App\\Controller\\Auth',
    'type' => '->',
  ),
  2 => 
  array (
    'file' => '/opt/blamp-80/www/footup_exemple/core/Footup.php',
    'line' => 44,
    'function' => 'go',
    'class' => 'Footup\\Footup',
    'type' => '->',
  ),
  3 => 
  array (
    'file' => '/opt/blamp-80/www/footup_exemple/public/index.php',
    'line' => 36,
    'function' => 'terminate',
    'class' => 'Footup\\Footup',
    'type' => '->',
  ),
)array (
  0 => 
  array (
    'file' => '/opt/blamp-80/www/footup_exemple/app/Controller/Auth.php',
    'line' => 39,
    'function' => '__call',
    'class' => 'Latte\\Engine',
    'type' => '->',
  ),
  1 => 
  array (
    'file' => '/opt/blamp-80/www/footup_exemple/core/Footup.php',
    'line' => 91,
    'function' => 'index',
    'class' => 'App\\Controller\\Auth',
    'type' => '->',
  ),
  2 => 
  array (
    'file' => '/opt/blamp-80/www/footup_exemple/core/Footup.php',
    'line' => 44,
    'function' => 'go',
    'class' => 'Footup\\Footup',
    'type' => '->',
  ),
  3 => 
  array (
    'file' => '/opt/blamp-80/www/footup_exemple/public/index.php',
    'line' => 36,
    'function' => 'terminate',
    'class' => 'Footup\\Footup',
    'type' => '->',
  ),
)array (
  0 => 
  array (
    'file' => '/opt/blamp-80/www/footup_exemple/app/Controller/Auth.php',
    'line' => 39,
    'function' => '__call',
    'class' => 'Latte\\Engine',
    'type' => '->',
  ),
  1 => 
  array (
    'file' => '/opt/blamp-80/www/footup_exemple/core/Footup.php',
    'line' => 91,
    'function' => 'index',
    'class' => 'App\\Controller\\Auth',
    'type' => '->',
  ),
  2 => 
  array (
    'file' => '/opt/blamp-80/www/footup_exemple/core/Footup.php',
    'line' => 44,
    'function' => 'go',
    'class' => 'Footup\\Footup',
    'type' => '->',
  ),
  3 => 
  array (
    'file' => '/opt/blamp-80/www/footup_exemple/public/index.php',
    'line' => 36,
    'function' => 'terminate',
    'class' => 'Footup\\Footup',
    'type' => '->',
  ),
)array (
  0 => 
  array (
    'file' => '/opt/blamp-80/www/footup_exemple/app/Controller/Auth.php',
    'line' => 39,
    'function' => '__call',
    'class' => 'Latte\\Engine',
    'type' => '->',
  ),
  1 => 
  array (
    'file' => '/opt/blamp-80/www/footup_exemple/core/Footup.php',
    'line' => 91,
    'function' => 'index',
    'class' => 'App\\Controller\\Auth',
    'type' => '->',
  ),
  2 => 
  array (
    'file' => '/opt/blamp-80/www/footup_exemple/core/Footup.php',
    'line' => 44,
    'function' => 'go',
    'class' => 'Footup\\Footup',
    'type' => '->',
  ),
  3 => 
  array (
    'file' => '/opt/blamp-80/www/footup_exemple/public/index.php',
    'line' => 36,
    'function' => 'terminate',
    'class' => 'Footup\\Footup',
    'type' => '->',
  ),
)array (
  0 => 
  array (
    'file' => '/opt/blamp-80/www/footup_exemple/app/Controller/Auth.php',
    'line' => 39,
    'function' => '__call',
    'class' => 'Latte\\Engine',
    'type' => '->',
  ),
  1 => 
  array (
    'file' => '/opt/blamp-80/www/footup_exemple/core/Footup.php',
    'line' => 91,
    'function' => 'index',
    'class' => 'App\\Controller\\Auth',
    'type' => '->',
  ),
  2 => 
  array (
    'file' => '/opt/blamp-80/www/footup_exemple/core/Footup.php',
    'line' => 44,
    'function' => 'go',
    'class' => 'Footup\\Footup',
    'type' => '->',
  ),
  3 => 
  array (
    'file' => '/opt/blamp-80/www/footup_exemple/public/index.php',
    'line' => 36,
    'function' => 'terminate',
    'class' => 'Footup\\Footup',
    'type' => '->',
  ),
)array (
  0 => 
  array (
    'file' => '/opt/blamp-80/www/footup_exemple/app/Controller/Auth.php',
    'line' => 39,
    'function' => '__call',
    'class' => 'Latte\\Engine',
    'type' => '->',
  ),
  1 => 
  array (
    'file' => '/opt/blamp-80/www/footup_exemple/core/Footup.php',
    'line' => 91,
    'function' => 'index',
    'class' => 'App\\Controller\\Auth',
    'type' => '->',
  ),
  2 => 
  array (
    'file' => '/opt/blamp-80/www/footup_exemple/core/Footup.php',
    'line' => 44,
    'function' => 'go',
    'class' => 'Footup\\Footup',
    'type' => '->',
  ),
  3 => 
  array (
    'file' => '/opt/blamp-80/www/footup_exemple/public/index.php',
    'line' => 36,
    'function' => 'terminate',
    'class' => 'Footup\\Footup',
    'type' => '->',
  ),
)array (
  0 => 
  array (
    'file' => '/opt/blamp-80/www/footup_exemple/app/Controller/Auth.php',
    'line' => 39,
    'function' => '__call',
    'class' => 'Latte\\Engine',
    'type' => '->',
  ),
  1 => 
  array (
    'file' => '/opt/blamp-80/www/footup_exemple/core/Footup.php',
    'line' => 91,
    'function' => 'index',
    'class' => 'App\\Controller\\Auth',
    'type' => '->',
  ),
  2 => 
  array (
    'file' => '/opt/blamp-80/www/footup_exemple/core/Footup.php',
    'line' => 44,
    'function' => 'go',
    'class' => 'Footup\\Footup',
    'type' => '->',
  ),
  3 => 
  array (
    'file' => '/opt/blamp-80/www/footup_exemple/public/index.php',
    'line' => 36,
    'function' => 'terminate',
    'class' => 'Footup\\Footup',
    'type' => '->',
  ),
)array (
  0 => 
  array (
    'file' => '/opt/blamp-80/www/footup_exemple/app/Controller/Auth.php',
    'line' => 39,
    'function' => '__call',
    'class' => 'Latte\\Engine',
    'type' => '->',
  ),
  1 => 
  array (
    'file' => '/opt/blamp-80/www/footup_exemple/core/Footup.php',
    'line' => 91,
    'function' => 'index',
    'class' => 'App\\Controller\\Auth',
    'type' => '->',
  ),
  2 => 
  array (
    'file' => '/opt/blamp-80/www/footup_exemple/core/Footup.php',
    'line' => 44,
    'function' => 'go',
    'class' => 'Footup\\Footup',
    'type' => '->',
  ),
  3 => 
  array (
    'file' => '/opt/blamp-80/www/footup_exemple/public/index.php',
    'line' => 36,
    'function' => 'terminate',
    'class' => 'Footup\\Footup',
    'type' => '->',
  ),
)array (
  0 => 
  array (
    'file' => '/opt/blamp-80/www/footup_exemple/app/Controller/Auth.php',
    'line' => 39,
    'function' => '__call',
    'class' => 'Latte\\Engine',
    'type' => '->',
  ),
  1 => 
  array (
    'file' => '/opt/blamp-80/www/footup_exemple/core/Footup.php',
    'line' => 91,
    'function' => 'index',
    'class' => 'App\\Controller\\Auth',
    'type' => '->',
  ),
  2 => 
  array (
    'file' => '/opt/blamp-80/www/footup_exemple/core/Footup.php',
    'line' => 44,
    'function' => 'go',
    'class' => 'Footup\\Footup',
    'type' => '->',
  ),
  3 => 
  array (
    'file' => '/opt/blamp-80/www/footup_exemple/public/index.php',
    'line' => 36,
    'function' => 'terminate',
    'class' => 'Footup\\Footup',
    'type' => '->',
  ),
)array (
  0 => 
  array (
    'file' => '/opt/blamp-80/www/footup_exemple/app/Controller/Auth.php',
    'line' => 39,
    'function' => '__call',
    'class' => 'Latte\\Engine',
    'type' => '->',
  ),
  1 => 
  array (
    'file' => '/opt/blamp-80/www/footup_exemple/core/Footup.php',
    'line' => 91,
    'function' => 'index',
    'class' => 'App\\Controller\\Auth',
    'type' => '->',
  ),
  2 => 
  array (
    'file' => '/opt/blamp-80/www/footup_exemple/core/Footup.php',
    'line' => 44,
    'function' => 'go',
    'class' => 'Footup\\Footup',
    'type' => '->',
  ),
  3 => 
  array (
    'file' => '/opt/blamp-80/www/footup_exemple/public/index.php',
    'line' => 36,
    'function' => 'terminate',
    'class' => 'Footup\\Footup',
    'type' => '->',
  ),
)array (
  0 => 
  array (
    'file' => '/opt/blamp-80/www/footup_exemple/app/Controller/Auth.php',
    'line' => 39,
    'function' => '__call',
    'class' => 'Latte\\Engine',
    'type' => '->',
  ),
  1 => 
  array (
    'file' => '/opt/blamp-80/www/footup_exemple/core/Footup.php',
    'line' => 91,
    'function' => 'index',
    'class' => 'App\\Controller\\Auth',
    'type' => '->',
  ),
  2 => 
  array (
    'file' => '/opt/blamp-80/www/footup_exemple/core/Footup.php',
    'line' => 44,
    'function' => 'go',
    'class' => 'Footup\\Footup',
    'type' => '->',
  ),
  3 => 
  array (
    'file' => '/opt/blamp-80/www/footup_exemple/public/index.php',
    'line' => 36,
    'function' => 'terminate',
    'class' => 'Footup\\Footup',
    'type' => '->',
  ),
)array (
  0 => 
  array (
    'file' => '/opt/blamp-80/www/footup_exemple/app/Controller/Auth.php',
    'line' => 39,
    'function' => '__call',
    'class' => 'Latte\\Engine',
    'type' => '->',
  ),
  1 => 
  array (
    'file' => '/opt/blamp-80/www/footup_exemple/core/Footup.php',
    'line' => 91,
    'function' => 'index',
    'class' => 'App\\Controller\\Auth',
    'type' => '->',
  ),
  2 => 
  array (
    'file' => '/opt/blamp-80/www/footup_exemple/core/Footup.php',
    'line' => 44,
    'function' => 'go',
    'class' => 'Footup\\Footup',
    'type' => '->',
  ),
  3 => 
  array (
    'file' => '/opt/blamp-80/www/footup_exemple/public/index.php',
    'line' => 36,
    'function' => 'terminate',
    'class' => 'Footup\\Footup',
    'type' => '->',
  ),
)array (
  0 => 
  array (
    'file' => '/opt/blamp-80/www/footup_exemple/app/Controller/Auth.php',
    'line' => 39,
    'function' => '__call',
    'class' => 'Latte\\Engine',
    'type' => '->',
  ),
  1 => 
  array (
    'file' => '/opt/blamp-80/www/footup_exemple/core/Footup.php',
    'line' => 91,
    'function' => 'index',
    'class' => 'App\\Controller\\Auth',
    'type' => '->',
  ),
  2 => 
  array (
    'file' => '/opt/blamp-80/www/footup_exemple/core/Footup.php',
    'line' => 44,
    'function' => 'go',
    'class' => 'Footup\\Footup',
    'type' => '->',
  ),
  3 => 
  array (
    'file' => '/opt/blamp-80/www/footup_exemple/public/index.php',
    'line' => 36,
    'function' => 'terminate',
    'class' => 'Footup\\Footup',
    'type' => '->',
  ),
)array (
  0 => 
  array (
    'file' => '/opt/blamp-80/www/footup_exemple/app/Controller/Auth.php',
    'line' => 39,
    'function' => '__call',
    'class' => 'Latte\\Engine',
    'type' => '->',
  ),
  1 => 
  array (
    'file' => '/opt/blamp-80/www/footup_exemple/core/Footup.php',
    'line' => 91,
    'function' => 'index',
    'class' => 'App\\Controller\\Auth',
    'type' => '->',
  ),
  2 => 
  array (
    'file' => '/opt/blamp-80/www/footup_exemple/core/Footup.php',
    'line' => 44,
    'function' => 'go',
    'class' => 'Footup\\Footup',
    'type' => '->',
  ),
  3 => 
  array (
    'file' => '/opt/blamp-80/www/footup_exemple/public/index.php',
    'line' => 36,
    'function' => 'terminate',
    'class' => 'Footup\\Footup',
    'type' => '->',
  ),
)array (
  0 => 
  array (
    'file' => '/opt/blamp-80/www/footup_exemple/app/Controller/Auth.php',
    'line' => 39,
    'function' => '__call',
    'class' => 'Latte\\Engine',
    'type' => '->',
  ),
  1 => 
  array (
    'file' => '/opt/blamp-80/www/footup_exemple/core/Footup.php',
    'line' => 91,
    'function' => 'index',
    'class' => 'App\\Controller\\Auth',
    'type' => '->',
  ),
  2 => 
  array (
    'file' => '/opt/blamp-80/www/footup_exemple/core/Footup.php',
    'line' => 44,
    'function' => 'go',
    'class' => 'Footup\\Footup',
    'type' => '->',
  ),
  3 => 
  array (
    'file' => '/opt/blamp-80/www/footup_exemple/public/index.php',
    'line' => 36,
    'function' => 'terminate',
    'class' => 'Footup\\Footup',
    'type' => '->',
  ),
)array (
  0 => 
  array (
    'file' => '/opt/blamp-80/www/footup_exemple/app/Controller/Auth.php',
    'line' => 39,
    'function' => '__call',
    'class' => 'Latte\\Engine',
    'type' => '->',
  ),
  1 => 
  array (
    'file' => '/opt/blamp-80/www/footup_exemple/core/Footup.php',
    'line' => 91,
    'function' => 'index',
    'class' => 'App\\Controller\\Auth',
    'type' => '->',
  ),
  2 => 
  array (
    'file' => '/opt/blamp-80/www/footup_exemple/core/Footup.php',
    'line' => 44,
    'function' => 'go',
    'class' => 'Footup\\Footup',
    'type' => '->',
  ),
  3 => 
  array (
    'file' => '/opt/blamp-80/www/footup_exemple/public/index.php',
    'line' => 36,
    'function' => 'terminate',
    'class' => 'Footup\\Footup',
    'type' => '->',
  ),
)array (
  0 => 
  array (
    'file' => '/opt/blamp-80/www/footup_exemple/app/Controller/Auth.php',
    'line' => 39,
    'function' => '__call',
    'class' => 'Latte\\Engine',
    'type' => '->',
  ),
  1 => 
  array (
    'file' => '/opt/blamp-80/www/footup_exemple/core/Footup.php',
    'line' => 91,
    'function' => 'index',
    'class' => 'App\\Controller\\Auth',
    'type' => '->',
  ),
  2 => 
  array (
    'file' => '/opt/blamp-80/www/footup_exemple/core/Footup.php',
    'line' => 44,
    'function' => 'go',
    'class' => 'Footup\\Footup',
    'type' => '->',
  ),
  3 => 
  array (
    'file' => '/opt/blamp-80/www/footup_exemple/public/index.php',
    'line' => 36,
    'function' => 'terminate',
    'class' => 'Footup\\Footup',
    'type' => '->',
  ),
)array (
  0 => 
  array (
    'file' => '/opt/blamp-80/www/footup_exemple/app/Controller/Auth.php',
    'line' => 39,
    'function' => '__call',
    'class' => 'Latte\\Engine',
    'type' => '->',
  ),
  1 => 
  array (
    'file' => '/opt/blamp-80/www/footup_exemple/core/Footup.php',
    'line' => 91,
    'function' => 'index',
    'class' => 'App\\Controller\\Auth',
    'type' => '->',
  ),
  2 => 
  array (
    'file' => '/opt/blamp-80/www/footup_exemple/core/Footup.php',
    'line' => 44,
    'function' => 'go',
    'class' => 'Footup\\Footup',
    'type' => '->',
  ),
  3 => 
  array (
    'file' => '/opt/blamp-80/www/footup_exemple/public/index.php',
    'line' => 36,
    'function' => 'terminate',
    'class' => 'Footup\\Footup',
    'type' => '->',
  ),
)array (
  0 => 
  array (
    'file' => '/opt/blamp-80/www/footup_exemple/app/Controller/Auth.php',
    'line' => 39,
    'function' => '__call',
    'class' => 'Latte\\Engine',
    'type' => '->',
  ),
  1 => 
  array (
    'file' => '/opt/blamp-80/www/footup_exemple/core/Footup.php',
    'line' => 91,
    'function' => 'index',
    'class' => 'App\\Controller\\Auth',
    'type' => '->',
  ),
  2 => 
  array (
    'file' => '/opt/blamp-80/www/footup_exemple/core/Footup.php',
    'line' => 44,
    'function' => 'go',
    'class' => 'Footup\\Footup',
    'type' => '->',
  ),
  3 => 
  array (
    'file' => '/opt/blamp-80/www/footup_exemple/public/index.php',
    'line' => 36,
    'function' => 'terminate',
    'class' => 'Footup\\Footup',
    'type' => '->',
  ),
)array (
  0 => 
  array (
    'file' => '/opt/blamp-80/www/footup_exemple/app/Controller/Auth.php',
    'line' => 39,
    'function' => '__call',
    'class' => 'Latte\\Engine',
    'type' => '->',
  ),
  1 => 
  array (
    'file' => '/opt/blamp-80/www/footup_exemple/core/Footup.php',
    'line' => 91,
    'function' => 'index',
    'class' => 'App\\Controller\\Auth',
    'type' => '->',
  ),
  2 => 
  array (
    'file' => '/opt/blamp-80/www/footup_exemple/core/Footup.php',
    'line' => 44,
    'function' => 'go',
    'class' => 'Footup\\Footup',
    'type' => '->',
  ),
  3 => 
  array (
    'file' => '/opt/blamp-80/www/footup_exemple/public/index.php',
    'line' => 36,
    'function' => 'terminate',
    'class' => 'Footup\\Footup',
    'type' => '->',
  ),
)